

================================================================
== Vitis HLS Report for 'sqrt_fixed_32_32_s'
================================================================
* Date:           Thu Nov  4 17:10:20 2021

* Version:        2020.2 (Build 3064766 on Wed Nov 18 09:12:45 MST 2020)
* Project:        getPhaseMap2
* Solution:       solution2 (Vivado IP Flow Target)
* Product family: zynq
* Target device:  xc7z020-clg400-1


================================================================
== Performance Estimates
================================================================
+ Timing: 
    * Summary: 
    +--------+---------+----------+------------+
    |  Clock |  Target | Estimated| Uncertainty|
    +--------+---------+----------+------------+
    |ap_clk  |  8.00 ns|  6.938 ns|     1.00 ns|
    +--------+---------+----------+------------+

+ Latency: 
    * Summary: 
    +---------+---------+-----------+-----------+-----+-----+---------+
    |  Latency (cycles) |   Latency (absolute)  |  Interval | Pipeline|
    |   min   |   max   |    min    |    max    | min | max |   Type  |
    +---------+---------+-----------+-----------+-----+-----+---------+
    |        8|        8|  64.000 ns|  64.000 ns|    1|    1|      yes|
    +---------+---------+-----------+-----------+-----+-----+---------+

    + Detail: 
        * Instance: 
        N/A

        * Loop: 
        N/A

============================================================
+ Verbose Summary: Synthesis Manager
============================================================
InlineROM: 1
ExposeGlobal: 0
============================================================
+ Verbose Summary: CDFG Model
============================================================
IsTopModel: 0
ResetActiveHigh: 1
IsCombinational: 0
IsDatapathOnly: 0
HasWiredReturn: 1
HasMFsm: 2
HasVarLatency: 0
IsPipeline: 1
IsRtlPipelined: 1
IsInstanceOverlapped: 0
IsDontTouch: 0
HasImplIP: 0
IsGatedGlobalClock: 0

+ Individual pipeline summary: 
  * Pipeline-0: initiation interval (II) = 1, depth = 9


============================================================
+ Verbose Summary: Schedule
============================================================
* Number of FSM states : 9
* Pipeline : 1
  Pipeline-0 : II = 1, D = 9, States = { 1 2 3 4 5 6 7 8 9 }
* Dataflow Pipeline: 0

* FSM state transitions: 
1 --> 2 
2 --> 3 
3 --> 4 
4 --> 5 
5 --> 6 
6 --> 7 
7 --> 8 
8 --> 9 
9 --> 

* FSM state operations: 

State 1 <SV = 0> <Delay = 1.56>
ST_1 : Operation 10 [1/1] (0.00ns)   --->   "%x_read = read i32 @_ssdm_op_Read.ap_auto.i32, i32 %x"   --->   Operation 10 'read' 'x_read' <Predicate = true> <Delay = 0.00>
ST_1 : Operation 11 [1/1] (0.00ns)   --->   "%tmp = partselect i2 @_ssdm_op_PartSelect.i2.i32.i32.i32, i32 %x_read, i32 30, i32 31"   --->   Operation 11 'partselect' 'tmp' <Predicate = true> <Delay = 0.00>
ST_1 : Operation 12 [1/1] (0.95ns)   --->   "%icmp_ln489 = icmp_eq  i2 %tmp, i2 0"   --->   Operation 12 'icmp' 'icmp_ln489' <Predicate = true> <Delay = 0.95> <CoreInst = "Cmp">   --->   Core 9 'Cmp' <Latency = 0> <II = 1> <Delay = 2.49> <FuncUnit> <Opcode : 'icmp'> <InPorts = 2> <OutPorts = 1>
ST_1 : Operation 13 [1/1] (0.00ns)   --->   "%zext_ln248 = zext i2 %tmp"   --->   Operation 13 'zext' 'zext_ln248' <Predicate = true> <Delay = 0.00>
ST_1 : Operation 14 [1/1] (1.56ns)   --->   "%add_ln248 = add i3 %zext_ln248, i3 7"   --->   Operation 14 'add' 'add_ln248' <Predicate = true> <Delay = 1.56> <CoreInst = "Adder">   --->   Core 1 'Adder' <Latency = 0> <II = 1> <Delay = 2.07> <FuncUnit> <Opcode : 'add' 'sub'> <InPorts = 2> <OutPorts = 1>

State 2 <SV = 1> <Delay = 5.55>
ST_2 : Operation 15 [1/1] (0.00ns)   --->   "%zext_ln703 = zext i32 %x_read"   --->   Operation 15 'zext' 'zext_ln703' <Predicate = true> <Delay = 0.00>
ST_2 : Operation 16 [1/1] (0.00ns)   --->   "%p_Result_50 = partset i35 @llvm.part.set.i35.i3, i35 %zext_ln703, i3 %add_ln248, i32 30, i32 32"   --->   Operation 16 'partset' 'p_Result_50' <Predicate = (!icmp_ln489)> <Delay = 0.00>
ST_2 : Operation 17 [1/1] (1.02ns)   --->   "%x_l_I_V_31 = select i1 %icmp_ln489, i35 %zext_ln703, i35 %p_Result_50"   --->   Operation 17 'select' 'x_l_I_V_31' <Predicate = true> <Delay = 1.02> <CoreInst = "Sel">   --->   Core 73 'Sel' <Latency = 0> <II = 1> <Delay = 0.80> <FuncUnit> <Opcode : 'select'> <InPorts = 3> <OutPorts = 1>
ST_2 : Operation 18 [1/1] (0.80ns)   --->   "%res_I_V_32 = select i1 %icmp_ln489, i16 0, i16 32768"   --->   Operation 18 'select' 'res_I_V_32' <Predicate = true> <Delay = 0.80> <CoreInst = "Sel">   --->   Core 73 'Sel' <Latency = 0> <II = 1> <Delay = 0.80> <FuncUnit> <Opcode : 'select'> <InPorts = 3> <OutPorts = 1>
ST_2 : Operation 19 [1/1] (0.00ns)   --->   "%p_Result_s_80 = partselect i2 @_ssdm_op_PartSelect.i2.i16.i32.i32, i16 %res_I_V_32, i32 14, i32 15"   --->   Operation 19 'partselect' 'p_Result_s_80' <Predicate = true> <Delay = 0.00>
ST_2 : Operation 20 [1/1] (0.00ns)   --->   "%tmp_1 = bitconcatenate i3 @_ssdm_op_BitConcatenate.i3.i2.i1, i2 %p_Result_s_80, i1 1"   --->   Operation 20 'bitconcatenate' 'tmp_1' <Predicate = true> <Delay = 0.00>
ST_2 : Operation 21 [1/1] (0.00ns)   --->   "%p_Result_51 = partselect i4 @_ssdm_op_PartSelect.i4.i35.i32.i32, i35 %x_l_I_V_31, i32 28, i32 31"   --->   Operation 21 'partselect' 'p_Result_51' <Predicate = true> <Delay = 0.00>
ST_2 : Operation 22 [1/1] (0.00ns)   --->   "%zext_ln489 = zext i3 %tmp_1"   --->   Operation 22 'zext' 'zext_ln489' <Predicate = true> <Delay = 0.00>
ST_2 : Operation 23 [1/1] (1.30ns)   --->   "%icmp_ln489_1 = icmp_ult  i4 %p_Result_51, i4 %zext_ln489"   --->   Operation 23 'icmp' 'icmp_ln489_1' <Predicate = true> <Delay = 1.30> <CoreInst = "Cmp">   --->   Core 9 'Cmp' <Latency = 0> <II = 1> <Delay = 2.49> <FuncUnit> <Opcode : 'icmp'> <InPorts = 2> <OutPorts = 1>
ST_2 : Operation 24 [1/1] (1.73ns)   --->   "%sub_ln248 = sub i4 %p_Result_51, i4 %zext_ln489"   --->   Operation 24 'sub' 'sub_ln248' <Predicate = true> <Delay = 1.73> <CoreInst = "Adder">   --->   Core 1 'Adder' <Latency = 0> <II = 1> <Delay = 2.07> <FuncUnit> <Opcode : 'add' 'sub'> <InPorts = 2> <OutPorts = 1>
ST_2 : Operation 25 [1/1] (0.00ns)   --->   "%p_Result_52 = partset i35 @llvm.part.set.i35.i4, i35 %x_l_I_V_31, i4 %sub_ln248, i32 28, i32 31"   --->   Operation 25 'partset' 'p_Result_52' <Predicate = true> <Delay = 0.00>
ST_2 : Operation 26 [1/1] (0.00ns)   --->   "%p_Result_53 = bitset i16 @_ssdm_op_BitSet.i16.i16.i32.i1, i16 %res_I_V_32, i32 14, i1 1"   --->   Operation 26 'bitset' 'p_Result_53' <Predicate = true> <Delay = 0.00>
ST_2 : Operation 27 [1/1] (1.02ns)   --->   "%x_l_I_V_32 = select i1 %icmp_ln489_1, i35 %x_l_I_V_31, i35 %p_Result_52"   --->   Operation 27 'select' 'x_l_I_V_32' <Predicate = true> <Delay = 1.02> <CoreInst = "Sel">   --->   Core 73 'Sel' <Latency = 0> <II = 1> <Delay = 0.80> <FuncUnit> <Opcode : 'select'> <InPorts = 3> <OutPorts = 1>
ST_2 : Operation 28 [1/1] (0.80ns)   --->   "%res_I_V_33 = select i1 %icmp_ln489_1, i16 %res_I_V_32, i16 %p_Result_53"   --->   Operation 28 'select' 'res_I_V_33' <Predicate = true> <Delay = 0.80> <CoreInst = "Sel">   --->   Core 73 'Sel' <Latency = 0> <II = 1> <Delay = 0.80> <FuncUnit> <Opcode : 'select'> <InPorts = 3> <OutPorts = 1>
ST_2 : Operation 29 [1/1] (0.00ns)   --->   "%p_Result_4 = partselect i3 @_ssdm_op_PartSelect.i3.i16.i32.i32, i16 %res_I_V_33, i32 13, i32 15"   --->   Operation 29 'partselect' 'p_Result_4' <Predicate = true> <Delay = 0.00>
ST_2 : Operation 30 [1/1] (0.00ns)   --->   "%tmp_2 = bitconcatenate i4 @_ssdm_op_BitConcatenate.i4.i3.i1, i3 %p_Result_4, i1 1"   --->   Operation 30 'bitconcatenate' 'tmp_2' <Predicate = true> <Delay = 0.00>
ST_2 : Operation 31 [1/1] (0.00ns)   --->   "%p_Result_54 = partselect i5 @_ssdm_op_PartSelect.i5.i35.i32.i32, i35 %x_l_I_V_32, i32 26, i32 30"   --->   Operation 31 'partselect' 'p_Result_54' <Predicate = true> <Delay = 0.00>
ST_2 : Operation 32 [1/1] (0.00ns)   --->   "%zext_ln489_1 = zext i4 %tmp_2"   --->   Operation 32 'zext' 'zext_ln489_1' <Predicate = true> <Delay = 0.00>
ST_2 : Operation 33 [1/1] (1.36ns)   --->   "%icmp_ln489_2 = icmp_ult  i5 %p_Result_54, i5 %zext_ln489_1"   --->   Operation 33 'icmp' 'icmp_ln489_2' <Predicate = true> <Delay = 1.36> <CoreInst = "Cmp">   --->   Core 9 'Cmp' <Latency = 0> <II = 1> <Delay = 2.49> <FuncUnit> <Opcode : 'icmp'> <InPorts = 2> <OutPorts = 1>
ST_2 : Operation 34 [1/1] (1.78ns)   --->   "%sub_ln248_1 = sub i5 %p_Result_54, i5 %zext_ln489_1"   --->   Operation 34 'sub' 'sub_ln248_1' <Predicate = true> <Delay = 1.78> <CoreInst = "Adder">   --->   Core 1 'Adder' <Latency = 0> <II = 1> <Delay = 2.07> <FuncUnit> <Opcode : 'add' 'sub'> <InPorts = 2> <OutPorts = 1>

State 3 <SV = 2> <Delay = 5.73>
ST_3 : Operation 35 [1/1] (0.00ns)   --->   "%p_Result_55 = partset i35 @llvm.part.set.i35.i5, i35 %x_l_I_V_32, i5 %sub_ln248_1, i32 26, i32 30"   --->   Operation 35 'partset' 'p_Result_55' <Predicate = (!icmp_ln489_2)> <Delay = 0.00>
ST_3 : Operation 36 [1/1] (0.00ns)   --->   "%p_Result_56 = bitset i16 @_ssdm_op_BitSet.i16.i16.i32.i1, i16 %res_I_V_33, i32 13, i1 1"   --->   Operation 36 'bitset' 'p_Result_56' <Predicate = (!icmp_ln489_2)> <Delay = 0.00>
ST_3 : Operation 37 [1/1] (1.02ns)   --->   "%x_l_I_V_33 = select i1 %icmp_ln489_2, i35 %x_l_I_V_32, i35 %p_Result_55"   --->   Operation 37 'select' 'x_l_I_V_33' <Predicate = true> <Delay = 1.02> <CoreInst = "Sel">   --->   Core 73 'Sel' <Latency = 0> <II = 1> <Delay = 0.80> <FuncUnit> <Opcode : 'select'> <InPorts = 3> <OutPorts = 1>
ST_3 : Operation 38 [1/1] (0.80ns)   --->   "%res_I_V_34 = select i1 %icmp_ln489_2, i16 %res_I_V_33, i16 %p_Result_56"   --->   Operation 38 'select' 'res_I_V_34' <Predicate = true> <Delay = 0.80> <CoreInst = "Sel">   --->   Core 73 'Sel' <Latency = 0> <II = 1> <Delay = 0.80> <FuncUnit> <Opcode : 'select'> <InPorts = 3> <OutPorts = 1>
ST_3 : Operation 39 [1/1] (0.00ns)   --->   "%p_Result_8 = partselect i4 @_ssdm_op_PartSelect.i4.i16.i32.i32, i16 %res_I_V_34, i32 12, i32 15"   --->   Operation 39 'partselect' 'p_Result_8' <Predicate = true> <Delay = 0.00>
ST_3 : Operation 40 [1/1] (0.00ns)   --->   "%tmp_3 = bitconcatenate i5 @_ssdm_op_BitConcatenate.i5.i4.i1, i4 %p_Result_8, i1 1"   --->   Operation 40 'bitconcatenate' 'tmp_3' <Predicate = true> <Delay = 0.00>
ST_3 : Operation 41 [1/1] (0.00ns)   --->   "%p_Result_57 = partselect i6 @_ssdm_op_PartSelect.i6.i35.i32.i32, i35 %x_l_I_V_33, i32 24, i32 29"   --->   Operation 41 'partselect' 'p_Result_57' <Predicate = true> <Delay = 0.00>
ST_3 : Operation 42 [1/1] (0.00ns)   --->   "%zext_ln489_2 = zext i5 %tmp_3"   --->   Operation 42 'zext' 'zext_ln489_2' <Predicate = true> <Delay = 0.00>
ST_3 : Operation 43 [1/1] (1.42ns)   --->   "%icmp_ln489_3 = icmp_ult  i6 %p_Result_57, i6 %zext_ln489_2"   --->   Operation 43 'icmp' 'icmp_ln489_3' <Predicate = true> <Delay = 1.42> <CoreInst = "Cmp">   --->   Core 9 'Cmp' <Latency = 0> <II = 1> <Delay = 2.49> <FuncUnit> <Opcode : 'icmp'> <InPorts = 2> <OutPorts = 1>
ST_3 : Operation 44 [1/1] (1.82ns)   --->   "%sub_ln248_2 = sub i6 %p_Result_57, i6 %zext_ln489_2"   --->   Operation 44 'sub' 'sub_ln248_2' <Predicate = true> <Delay = 1.82> <CoreInst = "Adder">   --->   Core 1 'Adder' <Latency = 0> <II = 1> <Delay = 2.07> <FuncUnit> <Opcode : 'add' 'sub'> <InPorts = 2> <OutPorts = 1>
ST_3 : Operation 45 [1/1] (0.00ns)   --->   "%p_Result_58 = partset i35 @llvm.part.set.i35.i6, i35 %x_l_I_V_33, i6 %sub_ln248_2, i32 24, i32 29"   --->   Operation 45 'partset' 'p_Result_58' <Predicate = true> <Delay = 0.00>
ST_3 : Operation 46 [1/1] (0.00ns)   --->   "%p_Result_59 = bitset i16 @_ssdm_op_BitSet.i16.i16.i32.i1, i16 %res_I_V_34, i32 12, i1 1"   --->   Operation 46 'bitset' 'p_Result_59' <Predicate = true> <Delay = 0.00>
ST_3 : Operation 47 [1/1] (1.02ns)   --->   "%x_l_I_V_34 = select i1 %icmp_ln489_3, i35 %x_l_I_V_33, i35 %p_Result_58"   --->   Operation 47 'select' 'x_l_I_V_34' <Predicate = true> <Delay = 1.02> <CoreInst = "Sel">   --->   Core 73 'Sel' <Latency = 0> <II = 1> <Delay = 0.80> <FuncUnit> <Opcode : 'select'> <InPorts = 3> <OutPorts = 1>
ST_3 : Operation 48 [1/1] (0.80ns)   --->   "%res_I_V_35 = select i1 %icmp_ln489_3, i16 %res_I_V_34, i16 %p_Result_59"   --->   Operation 48 'select' 'res_I_V_35' <Predicate = true> <Delay = 0.80> <CoreInst = "Sel">   --->   Core 73 'Sel' <Latency = 0> <II = 1> <Delay = 0.80> <FuncUnit> <Opcode : 'select'> <InPorts = 3> <OutPorts = 1>
ST_3 : Operation 49 [1/1] (0.00ns)   --->   "%p_Result_10 = partselect i5 @_ssdm_op_PartSelect.i5.i16.i32.i32, i16 %res_I_V_35, i32 11, i32 15"   --->   Operation 49 'partselect' 'p_Result_10' <Predicate = true> <Delay = 0.00>
ST_3 : Operation 50 [1/1] (0.00ns)   --->   "%tmp_4 = bitconcatenate i6 @_ssdm_op_BitConcatenate.i6.i5.i1, i5 %p_Result_10, i1 1"   --->   Operation 50 'bitconcatenate' 'tmp_4' <Predicate = true> <Delay = 0.00>
ST_3 : Operation 51 [1/1] (0.00ns)   --->   "%p_Result_60 = partselect i7 @_ssdm_op_PartSelect.i7.i35.i32.i32, i35 %x_l_I_V_34, i32 22, i32 28"   --->   Operation 51 'partselect' 'p_Result_60' <Predicate = true> <Delay = 0.00>
ST_3 : Operation 52 [1/1] (0.00ns)   --->   "%zext_ln489_3 = zext i6 %tmp_4"   --->   Operation 52 'zext' 'zext_ln489_3' <Predicate = true> <Delay = 0.00>
ST_3 : Operation 53 [1/1] (1.48ns)   --->   "%icmp_ln489_4 = icmp_ult  i7 %p_Result_60, i7 %zext_ln489_3"   --->   Operation 53 'icmp' 'icmp_ln489_4' <Predicate = true> <Delay = 1.48> <CoreInst = "Cmp">   --->   Core 9 'Cmp' <Latency = 0> <II = 1> <Delay = 2.49> <FuncUnit> <Opcode : 'icmp'> <InPorts = 2> <OutPorts = 1>
ST_3 : Operation 54 [1/1] (1.87ns)   --->   "%sub_ln248_3 = sub i7 %p_Result_60, i7 %zext_ln489_3"   --->   Operation 54 'sub' 'sub_ln248_3' <Predicate = true> <Delay = 1.87> <CoreInst = "Adder">   --->   Core 1 'Adder' <Latency = 0> <II = 1> <Delay = 2.07> <FuncUnit> <Opcode : 'add' 'sub'> <InPorts = 2> <OutPorts = 1>

State 4 <SV = 3> <Delay = 5.78>
ST_4 : Operation 55 [1/1] (0.00ns)   --->   "%p_Result_61 = partset i35 @llvm.part.set.i35.i7, i35 %x_l_I_V_34, i7 %sub_ln248_3, i32 22, i32 28"   --->   Operation 55 'partset' 'p_Result_61' <Predicate = (!icmp_ln489_4)> <Delay = 0.00>
ST_4 : Operation 56 [1/1] (0.00ns)   --->   "%p_Result_62 = bitset i16 @_ssdm_op_BitSet.i16.i16.i32.i1, i16 %res_I_V_35, i32 11, i1 1"   --->   Operation 56 'bitset' 'p_Result_62' <Predicate = (!icmp_ln489_4)> <Delay = 0.00>
ST_4 : Operation 57 [1/1] (1.02ns)   --->   "%x_l_I_V_35 = select i1 %icmp_ln489_4, i35 %x_l_I_V_34, i35 %p_Result_61"   --->   Operation 57 'select' 'x_l_I_V_35' <Predicate = true> <Delay = 1.02> <CoreInst = "Sel">   --->   Core 73 'Sel' <Latency = 0> <II = 1> <Delay = 0.80> <FuncUnit> <Opcode : 'select'> <InPorts = 3> <OutPorts = 1>
ST_4 : Operation 58 [1/1] (0.80ns)   --->   "%res_I_V_36 = select i1 %icmp_ln489_4, i16 %res_I_V_35, i16 %p_Result_62"   --->   Operation 58 'select' 'res_I_V_36' <Predicate = true> <Delay = 0.80> <CoreInst = "Sel">   --->   Core 73 'Sel' <Latency = 0> <II = 1> <Delay = 0.80> <FuncUnit> <Opcode : 'select'> <InPorts = 3> <OutPorts = 1>
ST_4 : Operation 59 [1/1] (0.00ns)   --->   "%p_Result_13 = partselect i6 @_ssdm_op_PartSelect.i6.i16.i32.i32, i16 %res_I_V_36, i32 10, i32 15"   --->   Operation 59 'partselect' 'p_Result_13' <Predicate = true> <Delay = 0.00>
ST_4 : Operation 60 [1/1] (0.00ns)   --->   "%tmp_5 = bitconcatenate i7 @_ssdm_op_BitConcatenate.i7.i6.i1, i6 %p_Result_13, i1 1"   --->   Operation 60 'bitconcatenate' 'tmp_5' <Predicate = true> <Delay = 0.00>
ST_4 : Operation 61 [1/1] (0.00ns)   --->   "%p_Result_63 = partselect i8 @_ssdm_op_PartSelect.i8.i35.i32.i32, i35 %x_l_I_V_35, i32 20, i32 27"   --->   Operation 61 'partselect' 'p_Result_63' <Predicate = true> <Delay = 0.00>
ST_4 : Operation 62 [1/1] (0.00ns)   --->   "%zext_ln489_4 = zext i7 %tmp_5"   --->   Operation 62 'zext' 'zext_ln489_4' <Predicate = true> <Delay = 0.00>
ST_4 : Operation 63 [1/1] (1.55ns)   --->   "%icmp_ln489_5 = icmp_ult  i8 %p_Result_63, i8 %zext_ln489_4"   --->   Operation 63 'icmp' 'icmp_ln489_5' <Predicate = true> <Delay = 1.55> <CoreInst = "Cmp">   --->   Core 9 'Cmp' <Latency = 0> <II = 1> <Delay = 2.49> <FuncUnit> <Opcode : 'icmp'> <InPorts = 2> <OutPorts = 1>
ST_4 : Operation 64 [1/1] (1.91ns)   --->   "%sub_ln248_4 = sub i8 %p_Result_63, i8 %zext_ln489_4"   --->   Operation 64 'sub' 'sub_ln248_4' <Predicate = true> <Delay = 1.91> <CoreInst = "Adder">   --->   Core 1 'Adder' <Latency = 0> <II = 1> <Delay = 2.07> <FuncUnit> <Opcode : 'add' 'sub'> <InPorts = 2> <OutPorts = 1>
ST_4 : Operation 65 [1/1] (0.00ns)   --->   "%p_Result_64 = partset i35 @llvm.part.set.i35.i8, i35 %x_l_I_V_35, i8 %sub_ln248_4, i32 20, i32 27"   --->   Operation 65 'partset' 'p_Result_64' <Predicate = true> <Delay = 0.00>
ST_4 : Operation 66 [1/1] (0.00ns)   --->   "%p_Result_65 = bitset i16 @_ssdm_op_BitSet.i16.i16.i32.i1, i16 %res_I_V_36, i32 10, i1 1"   --->   Operation 66 'bitset' 'p_Result_65' <Predicate = true> <Delay = 0.00>
ST_4 : Operation 67 [1/1] (1.02ns)   --->   "%x_l_I_V_36 = select i1 %icmp_ln489_5, i35 %x_l_I_V_35, i35 %p_Result_64"   --->   Operation 67 'select' 'x_l_I_V_36' <Predicate = true> <Delay = 1.02> <CoreInst = "Sel">   --->   Core 73 'Sel' <Latency = 0> <II = 1> <Delay = 0.80> <FuncUnit> <Opcode : 'select'> <InPorts = 3> <OutPorts = 1>
ST_4 : Operation 68 [1/1] (0.80ns)   --->   "%res_I_V_37 = select i1 %icmp_ln489_5, i16 %res_I_V_36, i16 %p_Result_65"   --->   Operation 68 'select' 'res_I_V_37' <Predicate = true> <Delay = 0.80> <CoreInst = "Sel">   --->   Core 73 'Sel' <Latency = 0> <II = 1> <Delay = 0.80> <FuncUnit> <Opcode : 'select'> <InPorts = 3> <OutPorts = 1>
ST_4 : Operation 69 [1/1] (0.00ns)   --->   "%p_Result_16 = partselect i7 @_ssdm_op_PartSelect.i7.i16.i32.i32, i16 %res_I_V_37, i32 9, i32 15"   --->   Operation 69 'partselect' 'p_Result_16' <Predicate = true> <Delay = 0.00>
ST_4 : Operation 70 [1/1] (0.00ns)   --->   "%tmp_6 = bitconcatenate i8 @_ssdm_op_BitConcatenate.i8.i7.i1, i7 %p_Result_16, i1 1"   --->   Operation 70 'bitconcatenate' 'tmp_6' <Predicate = true> <Delay = 0.00>
ST_4 : Operation 71 [1/1] (0.00ns)   --->   "%p_Result_66 = partselect i9 @_ssdm_op_PartSelect.i9.i35.i32.i32, i35 %x_l_I_V_36, i32 18, i32 26"   --->   Operation 71 'partselect' 'p_Result_66' <Predicate = true> <Delay = 0.00>
ST_4 : Operation 72 [1/1] (0.00ns)   --->   "%zext_ln489_5 = zext i8 %tmp_6"   --->   Operation 72 'zext' 'zext_ln489_5' <Predicate = true> <Delay = 0.00>
ST_4 : Operation 73 [1/1] (1.66ns)   --->   "%icmp_ln489_6 = icmp_ult  i9 %p_Result_66, i9 %zext_ln489_5"   --->   Operation 73 'icmp' 'icmp_ln489_6' <Predicate = true> <Delay = 1.66> <CoreInst = "Cmp">   --->   Core 9 'Cmp' <Latency = 0> <II = 1> <Delay = 2.49> <FuncUnit> <Opcode : 'icmp'> <InPorts = 2> <OutPorts = 1>
ST_4 : Operation 74 [1/1] (1.82ns)   --->   "%sub_ln248_5 = sub i9 %p_Result_66, i9 %zext_ln489_5"   --->   Operation 74 'sub' 'sub_ln248_5' <Predicate = true> <Delay = 1.82> <CoreInst = "Adder">   --->   Core 1 'Adder' <Latency = 0> <II = 1> <Delay = 2.07> <FuncUnit> <Opcode : 'add' 'sub'> <InPorts = 2> <OutPorts = 1>

State 5 <SV = 4> <Delay = 6.71>
ST_5 : Operation 75 [1/1] (0.00ns)   --->   "%p_Result_67 = partset i35 @llvm.part.set.i35.i9, i35 %x_l_I_V_36, i9 %sub_ln248_5, i32 18, i32 26"   --->   Operation 75 'partset' 'p_Result_67' <Predicate = (!icmp_ln489_6)> <Delay = 0.00>
ST_5 : Operation 76 [1/1] (0.00ns)   --->   "%p_Result_68 = bitset i16 @_ssdm_op_BitSet.i16.i16.i32.i1, i16 %res_I_V_37, i32 9, i1 1"   --->   Operation 76 'bitset' 'p_Result_68' <Predicate = (!icmp_ln489_6)> <Delay = 0.00>
ST_5 : Operation 77 [1/1] (1.02ns)   --->   "%x_l_I_V = select i1 %icmp_ln489_6, i35 %x_l_I_V_36, i35 %p_Result_67"   --->   Operation 77 'select' 'x_l_I_V' <Predicate = true> <Delay = 1.02> <CoreInst = "Sel">   --->   Core 73 'Sel' <Latency = 0> <II = 1> <Delay = 0.80> <FuncUnit> <Opcode : 'select'> <InPorts = 3> <OutPorts = 1>
ST_5 : Operation 78 [1/1] (0.80ns)   --->   "%res_I_V_38 = select i1 %icmp_ln489_6, i16 %res_I_V_37, i16 %p_Result_68"   --->   Operation 78 'select' 'res_I_V_38' <Predicate = true> <Delay = 0.80> <CoreInst = "Sel">   --->   Core 73 'Sel' <Latency = 0> <II = 1> <Delay = 0.80> <FuncUnit> <Opcode : 'select'> <InPorts = 3> <OutPorts = 1>
ST_5 : Operation 79 [1/1] (0.00ns)   --->   "%p_Result_19 = partselect i8 @_ssdm_op_PartSelect.i8.i16.i32.i32, i16 %res_I_V_38, i32 8, i32 15"   --->   Operation 79 'partselect' 'p_Result_19' <Predicate = true> <Delay = 0.00>
ST_5 : Operation 80 [1/1] (0.00ns)   --->   "%tmp_7 = bitconcatenate i9 @_ssdm_op_BitConcatenate.i9.i8.i1, i8 %p_Result_19, i1 1"   --->   Operation 80 'bitconcatenate' 'tmp_7' <Predicate = true> <Delay = 0.00>
ST_5 : Operation 81 [1/1] (0.00ns)   --->   "%p_Result_69 = partselect i10 @_ssdm_op_PartSelect.i10.i35.i32.i32, i35 %x_l_I_V, i32 16, i32 25"   --->   Operation 81 'partselect' 'p_Result_69' <Predicate = true> <Delay = 0.00>
ST_5 : Operation 82 [1/1] (0.00ns)   --->   "%zext_ln489_6 = zext i9 %tmp_7"   --->   Operation 82 'zext' 'zext_ln489_6' <Predicate = true> <Delay = 0.00>
ST_5 : Operation 83 [1/1] (1.77ns)   --->   "%icmp_ln489_7 = icmp_ult  i10 %p_Result_69, i10 %zext_ln489_6"   --->   Operation 83 'icmp' 'icmp_ln489_7' <Predicate = true> <Delay = 1.77> <CoreInst = "Cmp">   --->   Core 9 'Cmp' <Latency = 0> <II = 1> <Delay = 2.49> <FuncUnit> <Opcode : 'icmp'> <InPorts = 2> <OutPorts = 1>
ST_5 : Operation 84 [1/1] (1.73ns)   --->   "%sub_ln248_6 = sub i10 %p_Result_69, i10 %zext_ln489_6"   --->   Operation 84 'sub' 'sub_ln248_6' <Predicate = true> <Delay = 1.73> <CoreInst = "Adder">   --->   Core 1 'Adder' <Latency = 0> <II = 1> <Delay = 2.07> <FuncUnit> <Opcode : 'add' 'sub'> <InPorts = 2> <OutPorts = 1>
ST_5 : Operation 85 [1/1] (0.00ns)   --->   "%p_Result_70 = partset i35 @llvm.part.set.i35.i10, i35 %x_l_I_V, i10 %sub_ln248_6, i32 16, i32 25"   --->   Operation 85 'partset' 'p_Result_70' <Predicate = true> <Delay = 0.00>
ST_5 : Operation 86 [1/1] (0.00ns)   --->   "%p_Result_71 = bitset i16 @_ssdm_op_BitSet.i16.i16.i32.i1, i16 %res_I_V_38, i32 8, i1 1"   --->   Operation 86 'bitset' 'p_Result_71' <Predicate = true> <Delay = 0.00>
ST_5 : Operation 87 [1/1] (1.02ns)   --->   "%x_l_I_V_37 = select i1 %icmp_ln489_7, i35 %x_l_I_V, i35 %p_Result_70"   --->   Operation 87 'select' 'x_l_I_V_37' <Predicate = true> <Delay = 1.02> <CoreInst = "Sel">   --->   Core 73 'Sel' <Latency = 0> <II = 1> <Delay = 0.80> <FuncUnit> <Opcode : 'select'> <InPorts = 3> <OutPorts = 1>
ST_5 : Operation 88 [1/1] (0.80ns)   --->   "%res_I_V = select i1 %icmp_ln489_7, i16 %res_I_V_38, i16 %p_Result_71"   --->   Operation 88 'select' 'res_I_V' <Predicate = true> <Delay = 0.80> <CoreInst = "Sel">   --->   Core 73 'Sel' <Latency = 0> <II = 1> <Delay = 0.80> <FuncUnit> <Opcode : 'select'> <InPorts = 3> <OutPorts = 1>
ST_5 : Operation 89 [1/1] (0.00ns)   --->   "%p_Result_22 = partselect i9 @_ssdm_op_PartSelect.i9.i16.i32.i32, i16 %res_I_V, i32 7, i32 15"   --->   Operation 89 'partselect' 'p_Result_22' <Predicate = true> <Delay = 0.00>
ST_5 : Operation 90 [1/1] (0.00ns)   --->   "%tmp_8 = bitconcatenate i10 @_ssdm_op_BitConcatenate.i10.i9.i1, i9 %p_Result_22, i1 1"   --->   Operation 90 'bitconcatenate' 'tmp_8' <Predicate = true> <Delay = 0.00>
ST_5 : Operation 91 [1/1] (0.00ns)   --->   "%p_Result_72 = partselect i11 @_ssdm_op_PartSelect.i11.i35.i32.i32, i35 %x_l_I_V_37, i32 14, i32 24"   --->   Operation 91 'partselect' 'p_Result_72' <Predicate = true> <Delay = 0.00>
ST_5 : Operation 92 [1/1] (0.00ns)   --->   "%zext_ln489_7 = zext i10 %tmp_8"   --->   Operation 92 'zext' 'zext_ln489_7' <Predicate = true> <Delay = 0.00>
ST_5 : Operation 93 [1/1] (1.88ns)   --->   "%icmp_ln489_8 = icmp_ult  i11 %p_Result_72, i11 %zext_ln489_7"   --->   Operation 93 'icmp' 'icmp_ln489_8' <Predicate = true> <Delay = 1.88> <CoreInst = "Cmp">   --->   Core 9 'Cmp' <Latency = 0> <II = 1> <Delay = 2.49> <FuncUnit> <Opcode : 'icmp'> <InPorts = 2> <OutPorts = 1>
ST_5 : Operation 94 [1/1] (1.63ns)   --->   "%sub_ln248_7 = sub i11 %p_Result_72, i11 %zext_ln489_7"   --->   Operation 94 'sub' 'sub_ln248_7' <Predicate = true> <Delay = 1.63> <CoreInst = "Adder">   --->   Core 1 'Adder' <Latency = 0> <II = 1> <Delay = 2.07> <FuncUnit> <Opcode : 'add' 'sub'> <InPorts = 2> <OutPorts = 1>
ST_5 : Operation 95 [1/1] (0.00ns)   --->   "%p_Result_73 = partset i35 @llvm.part.set.i35.i11, i35 %x_l_I_V_37, i11 %sub_ln248_7, i32 14, i32 24"   --->   Operation 95 'partset' 'p_Result_73' <Predicate = true> <Delay = 0.00>
ST_5 : Operation 96 [1/1] (1.02ns)   --->   "%x_l_I_V_38 = select i1 %icmp_ln489_8, i35 %x_l_I_V_37, i35 %p_Result_73"   --->   Operation 96 'select' 'x_l_I_V_38' <Predicate = true> <Delay = 1.02> <CoreInst = "Sel">   --->   Core 73 'Sel' <Latency = 0> <II = 1> <Delay = 0.80> <FuncUnit> <Opcode : 'select'> <InPorts = 3> <OutPorts = 1>
ST_5 : Operation 97 [1/1] (0.00ns)   --->   "%p_Result_75 = partselect i12 @_ssdm_op_PartSelect.i12.i35.i32.i32, i35 %x_l_I_V_38, i32 12, i32 23"   --->   Operation 97 'partselect' 'p_Result_75' <Predicate = true> <Delay = 0.00>

State 6 <SV = 5> <Delay = 6.93>
ST_6 : Operation 98 [1/1] (0.00ns)   --->   "%p_Result_74 = bitset i16 @_ssdm_op_BitSet.i16.i16.i32.i1, i16 %res_I_V, i32 7, i1 1"   --->   Operation 98 'bitset' 'p_Result_74' <Predicate = (!icmp_ln489_8)> <Delay = 0.00>
ST_6 : Operation 99 [1/1] (0.80ns)   --->   "%res_I_V_39 = select i1 %icmp_ln489_8, i16 %res_I_V, i16 %p_Result_74"   --->   Operation 99 'select' 'res_I_V_39' <Predicate = true> <Delay = 0.80> <CoreInst = "Sel">   --->   Core 73 'Sel' <Latency = 0> <II = 1> <Delay = 0.80> <FuncUnit> <Opcode : 'select'> <InPorts = 3> <OutPorts = 1>
ST_6 : Operation 100 [1/1] (0.00ns)   --->   "%p_Result_25 = partselect i10 @_ssdm_op_PartSelect.i10.i16.i32.i32, i16 %res_I_V_39, i32 6, i32 15"   --->   Operation 100 'partselect' 'p_Result_25' <Predicate = true> <Delay = 0.00>
ST_6 : Operation 101 [1/1] (0.00ns)   --->   "%tmp_9 = bitconcatenate i11 @_ssdm_op_BitConcatenate.i11.i10.i1, i10 %p_Result_25, i1 1"   --->   Operation 101 'bitconcatenate' 'tmp_9' <Predicate = true> <Delay = 0.00>
ST_6 : Operation 102 [1/1] (0.00ns)   --->   "%zext_ln489_8 = zext i11 %tmp_9"   --->   Operation 102 'zext' 'zext_ln489_8' <Predicate = true> <Delay = 0.00>
ST_6 : Operation 103 [1/1] (1.99ns)   --->   "%icmp_ln489_9 = icmp_ult  i12 %p_Result_75, i12 %zext_ln489_8"   --->   Operation 103 'icmp' 'icmp_ln489_9' <Predicate = true> <Delay = 1.99> <CoreInst = "Cmp">   --->   Core 9 'Cmp' <Latency = 0> <II = 1> <Delay = 2.49> <FuncUnit> <Opcode : 'icmp'> <InPorts = 2> <OutPorts = 1>
ST_6 : Operation 104 [1/1] (1.54ns)   --->   "%sub_ln248_8 = sub i12 %p_Result_75, i12 %zext_ln489_8"   --->   Operation 104 'sub' 'sub_ln248_8' <Predicate = true> <Delay = 1.54> <CoreInst = "Adder">   --->   Core 1 'Adder' <Latency = 0> <II = 1> <Delay = 2.07> <FuncUnit> <Opcode : 'add' 'sub'> <InPorts = 2> <OutPorts = 1>
ST_6 : Operation 105 [1/1] (0.00ns)   --->   "%p_Result_76 = partset i35 @llvm.part.set.i35.i12, i35 %x_l_I_V_38, i12 %sub_ln248_8, i32 12, i32 23"   --->   Operation 105 'partset' 'p_Result_76' <Predicate = true> <Delay = 0.00>
ST_6 : Operation 106 [1/1] (0.00ns)   --->   "%p_Result_77 = bitset i16 @_ssdm_op_BitSet.i16.i16.i32.i1, i16 %res_I_V_39, i32 6, i1 1"   --->   Operation 106 'bitset' 'p_Result_77' <Predicate = true> <Delay = 0.00>
ST_6 : Operation 107 [1/1] (1.02ns)   --->   "%x_l_I_V_39 = select i1 %icmp_ln489_9, i35 %x_l_I_V_38, i35 %p_Result_76"   --->   Operation 107 'select' 'x_l_I_V_39' <Predicate = true> <Delay = 1.02> <CoreInst = "Sel">   --->   Core 73 'Sel' <Latency = 0> <II = 1> <Delay = 0.80> <FuncUnit> <Opcode : 'select'> <InPorts = 3> <OutPorts = 1>
ST_6 : Operation 108 [1/1] (0.80ns)   --->   "%res_I_V_40 = select i1 %icmp_ln489_9, i16 %res_I_V_39, i16 %p_Result_77"   --->   Operation 108 'select' 'res_I_V_40' <Predicate = true> <Delay = 0.80> <CoreInst = "Sel">   --->   Core 73 'Sel' <Latency = 0> <II = 1> <Delay = 0.80> <FuncUnit> <Opcode : 'select'> <InPorts = 3> <OutPorts = 1>
ST_6 : Operation 109 [1/1] (0.00ns)   --->   "%p_Result_28 = partselect i11 @_ssdm_op_PartSelect.i11.i16.i32.i32, i16 %res_I_V_40, i32 5, i32 15"   --->   Operation 109 'partselect' 'p_Result_28' <Predicate = true> <Delay = 0.00>
ST_6 : Operation 110 [1/1] (0.00ns)   --->   "%tmp_s = bitconcatenate i12 @_ssdm_op_BitConcatenate.i12.i11.i1, i11 %p_Result_28, i1 1"   --->   Operation 110 'bitconcatenate' 'tmp_s' <Predicate = true> <Delay = 0.00>
ST_6 : Operation 111 [1/1] (0.00ns)   --->   "%p_Result_78 = partselect i13 @_ssdm_op_PartSelect.i13.i35.i32.i32, i35 %x_l_I_V_39, i32 10, i32 22"   --->   Operation 111 'partselect' 'p_Result_78' <Predicate = true> <Delay = 0.00>
ST_6 : Operation 112 [1/1] (0.00ns)   --->   "%zext_ln489_9 = zext i12 %tmp_s"   --->   Operation 112 'zext' 'zext_ln489_9' <Predicate = true> <Delay = 0.00>
ST_6 : Operation 113 [1/1] (2.09ns)   --->   "%icmp_ln489_10 = icmp_ult  i13 %p_Result_78, i13 %zext_ln489_9"   --->   Operation 113 'icmp' 'icmp_ln489_10' <Predicate = true> <Delay = 2.09> <CoreInst = "Cmp">   --->   Core 9 'Cmp' <Latency = 0> <II = 1> <Delay = 2.49> <FuncUnit> <Opcode : 'icmp'> <InPorts = 2> <OutPorts = 1>
ST_6 : Operation 114 [1/1] (1.67ns)   --->   "%sub_ln248_9 = sub i13 %p_Result_78, i13 %zext_ln489_9"   --->   Operation 114 'sub' 'sub_ln248_9' <Predicate = true> <Delay = 1.67> <CoreInst = "Adder">   --->   Core 1 'Adder' <Latency = 0> <II = 1> <Delay = 2.07> <FuncUnit> <Opcode : 'add' 'sub'> <InPorts = 2> <OutPorts = 1>
ST_6 : Operation 115 [1/1] (0.00ns)   --->   "%p_Result_79 = partset i35 @llvm.part.set.i35.i13, i35 %x_l_I_V_39, i13 %sub_ln248_9, i32 10, i32 22"   --->   Operation 115 'partset' 'p_Result_79' <Predicate = true> <Delay = 0.00>
ST_6 : Operation 116 [1/1] (0.00ns)   --->   "%p_Result_80 = bitset i16 @_ssdm_op_BitSet.i16.i16.i32.i1, i16 %res_I_V_40, i32 5, i1 1"   --->   Operation 116 'bitset' 'p_Result_80' <Predicate = true> <Delay = 0.00>
ST_6 : Operation 117 [1/1] (1.02ns)   --->   "%x_l_I_V_40 = select i1 %icmp_ln489_10, i35 %x_l_I_V_39, i35 %p_Result_79"   --->   Operation 117 'select' 'x_l_I_V_40' <Predicate = true> <Delay = 1.02> <CoreInst = "Sel">   --->   Core 73 'Sel' <Latency = 0> <II = 1> <Delay = 0.80> <FuncUnit> <Opcode : 'select'> <InPorts = 3> <OutPorts = 1>
ST_6 : Operation 118 [1/1] (0.80ns)   --->   "%res_I_V_41 = select i1 %icmp_ln489_10, i16 %res_I_V_40, i16 %p_Result_80"   --->   Operation 118 'select' 'res_I_V_41' <Predicate = true> <Delay = 0.80> <CoreInst = "Sel">   --->   Core 73 'Sel' <Latency = 0> <II = 1> <Delay = 0.80> <FuncUnit> <Opcode : 'select'> <InPorts = 3> <OutPorts = 1>
ST_6 : Operation 119 [1/1] (0.00ns)   --->   "%p_Result_31 = partselect i12 @_ssdm_op_PartSelect.i12.i16.i32.i32, i16 %res_I_V_41, i32 4, i32 15"   --->   Operation 119 'partselect' 'p_Result_31' <Predicate = true> <Delay = 0.00>
ST_6 : Operation 120 [1/1] (0.00ns)   --->   "%p_Result_81 = partselect i14 @_ssdm_op_PartSelect.i14.i35.i32.i32, i35 %x_l_I_V_40, i32 8, i32 21"   --->   Operation 120 'partselect' 'p_Result_81' <Predicate = true> <Delay = 0.00>

State 7 <SV = 6> <Delay = 6.57>
ST_7 : Operation 121 [1/1] (0.00ns)   --->   "%tmp_10 = bitconcatenate i13 @_ssdm_op_BitConcatenate.i13.i12.i1, i12 %p_Result_31, i1 1"   --->   Operation 121 'bitconcatenate' 'tmp_10' <Predicate = true> <Delay = 0.00>
ST_7 : Operation 122 [1/1] (0.00ns)   --->   "%zext_ln489_10 = zext i13 %tmp_10"   --->   Operation 122 'zext' 'zext_ln489_10' <Predicate = true> <Delay = 0.00>
ST_7 : Operation 123 [1/1] (2.20ns)   --->   "%icmp_ln489_11 = icmp_ult  i14 %p_Result_81, i14 %zext_ln489_10"   --->   Operation 123 'icmp' 'icmp_ln489_11' <Predicate = true> <Delay = 2.20> <CoreInst = "Cmp">   --->   Core 9 'Cmp' <Latency = 0> <II = 1> <Delay = 2.49> <FuncUnit> <Opcode : 'icmp'> <InPorts = 2> <OutPorts = 1>
ST_7 : Operation 124 [1/1] (1.81ns)   --->   "%sub_ln248_10 = sub i14 %p_Result_81, i14 %zext_ln489_10"   --->   Operation 124 'sub' 'sub_ln248_10' <Predicate = true> <Delay = 1.81> <CoreInst = "Adder">   --->   Core 1 'Adder' <Latency = 0> <II = 1> <Delay = 2.07> <FuncUnit> <Opcode : 'add' 'sub'> <InPorts = 2> <OutPorts = 1>
ST_7 : Operation 125 [1/1] (0.00ns)   --->   "%p_Result_82 = partset i35 @llvm.part.set.i35.i14, i35 %x_l_I_V_40, i14 %sub_ln248_10, i32 8, i32 21"   --->   Operation 125 'partset' 'p_Result_82' <Predicate = true> <Delay = 0.00>
ST_7 : Operation 126 [1/1] (0.00ns)   --->   "%p_Result_83 = bitset i16 @_ssdm_op_BitSet.i16.i16.i32.i1, i16 %res_I_V_41, i32 4, i1 1"   --->   Operation 126 'bitset' 'p_Result_83' <Predicate = true> <Delay = 0.00>
ST_7 : Operation 127 [1/1] (1.02ns)   --->   "%x_l_I_V_41 = select i1 %icmp_ln489_11, i35 %x_l_I_V_40, i35 %p_Result_82"   --->   Operation 127 'select' 'x_l_I_V_41' <Predicate = true> <Delay = 1.02> <CoreInst = "Sel">   --->   Core 73 'Sel' <Latency = 0> <II = 1> <Delay = 0.80> <FuncUnit> <Opcode : 'select'> <InPorts = 3> <OutPorts = 1>
ST_7 : Operation 128 [1/1] (0.80ns)   --->   "%res_I_V_42 = select i1 %icmp_ln489_11, i16 %res_I_V_41, i16 %p_Result_83"   --->   Operation 128 'select' 'res_I_V_42' <Predicate = true> <Delay = 0.80> <CoreInst = "Sel">   --->   Core 73 'Sel' <Latency = 0> <II = 1> <Delay = 0.80> <FuncUnit> <Opcode : 'select'> <InPorts = 3> <OutPorts = 1>
ST_7 : Operation 129 [1/1] (0.00ns)   --->   "%p_Result_34 = partselect i13 @_ssdm_op_PartSelect.i13.i16.i32.i32, i16 %res_I_V_42, i32 3, i32 15"   --->   Operation 129 'partselect' 'p_Result_34' <Predicate = true> <Delay = 0.00>
ST_7 : Operation 130 [1/1] (0.00ns)   --->   "%tmp_11 = bitconcatenate i14 @_ssdm_op_BitConcatenate.i14.i13.i1, i13 %p_Result_34, i1 1"   --->   Operation 130 'bitconcatenate' 'tmp_11' <Predicate = true> <Delay = 0.00>
ST_7 : Operation 131 [1/1] (0.00ns)   --->   "%p_Result_84 = partselect i15 @_ssdm_op_PartSelect.i15.i35.i32.i32, i35 %x_l_I_V_41, i32 6, i32 20"   --->   Operation 131 'partselect' 'p_Result_84' <Predicate = true> <Delay = 0.00>
ST_7 : Operation 132 [1/1] (0.00ns)   --->   "%zext_ln489_11 = zext i14 %tmp_11"   --->   Operation 132 'zext' 'zext_ln489_11' <Predicate = true> <Delay = 0.00>
ST_7 : Operation 133 [1/1] (2.31ns)   --->   "%icmp_ln489_12 = icmp_ult  i15 %p_Result_84, i15 %zext_ln489_11"   --->   Operation 133 'icmp' 'icmp_ln489_12' <Predicate = true> <Delay = 2.31> <CoreInst = "Cmp">   --->   Core 9 'Cmp' <Latency = 0> <II = 1> <Delay = 2.49> <FuncUnit> <Opcode : 'icmp'> <InPorts = 2> <OutPorts = 1>
ST_7 : Operation 134 [1/1] (1.94ns)   --->   "%sub_ln248_11 = sub i15 %p_Result_84, i15 %zext_ln489_11"   --->   Operation 134 'sub' 'sub_ln248_11' <Predicate = true> <Delay = 1.94> <CoreInst = "Adder">   --->   Core 1 'Adder' <Latency = 0> <II = 1> <Delay = 2.07> <FuncUnit> <Opcode : 'add' 'sub'> <InPorts = 2> <OutPorts = 1>
ST_7 : Operation 135 [1/1] (0.00ns)   --->   "%p_Result_85 = partset i35 @llvm.part.set.i35.i15, i35 %x_l_I_V_41, i15 %sub_ln248_11, i32 6, i32 20"   --->   Operation 135 'partset' 'p_Result_85' <Predicate = true> <Delay = 0.00>
ST_7 : Operation 136 [1/1] (0.00ns)   --->   "%p_Result_86 = bitset i16 @_ssdm_op_BitSet.i16.i16.i32.i1, i16 %res_I_V_42, i32 3, i1 1"   --->   Operation 136 'bitset' 'p_Result_86' <Predicate = true> <Delay = 0.00>
ST_7 : Operation 137 [1/1] (1.02ns)   --->   "%x_l_I_V_42 = select i1 %icmp_ln489_12, i35 %x_l_I_V_41, i35 %p_Result_85"   --->   Operation 137 'select' 'x_l_I_V_42' <Predicate = true> <Delay = 1.02> <CoreInst = "Sel">   --->   Core 73 'Sel' <Latency = 0> <II = 1> <Delay = 0.80> <FuncUnit> <Opcode : 'select'> <InPorts = 3> <OutPorts = 1>
ST_7 : Operation 138 [1/1] (0.80ns)   --->   "%res_I_V_43 = select i1 %icmp_ln489_12, i16 %res_I_V_42, i16 %p_Result_86"   --->   Operation 138 'select' 'res_I_V_43' <Predicate = true> <Delay = 0.80> <CoreInst = "Sel">   --->   Core 73 'Sel' <Latency = 0> <II = 1> <Delay = 0.80> <FuncUnit> <Opcode : 'select'> <InPorts = 3> <OutPorts = 1>
ST_7 : Operation 139 [1/1] (0.00ns)   --->   "%p_Result_37 = partselect i14 @_ssdm_op_PartSelect.i14.i16.i32.i32, i16 %res_I_V_43, i32 2, i32 15"   --->   Operation 139 'partselect' 'p_Result_37' <Predicate = true> <Delay = 0.00>
ST_7 : Operation 140 [1/1] (0.00ns)   --->   "%p_Result_87 = partselect i16 @_ssdm_op_PartSelect.i16.i35.i32.i32, i35 %x_l_I_V_42, i32 4, i32 19"   --->   Operation 140 'partselect' 'p_Result_87' <Predicate = true> <Delay = 0.00>

State 8 <SV = 7> <Delay = 6.90>
ST_8 : Operation 141 [1/1] (0.00ns)   --->   "%tmp_12 = bitconcatenate i15 @_ssdm_op_BitConcatenate.i15.i14.i1, i14 %p_Result_37, i1 1"   --->   Operation 141 'bitconcatenate' 'tmp_12' <Predicate = true> <Delay = 0.00>
ST_8 : Operation 142 [1/1] (0.00ns)   --->   "%zext_ln489_12 = zext i15 %tmp_12"   --->   Operation 142 'zext' 'zext_ln489_12' <Predicate = true> <Delay = 0.00>
ST_8 : Operation 143 [1/1] (2.42ns)   --->   "%icmp_ln489_13 = icmp_ult  i16 %p_Result_87, i16 %zext_ln489_12"   --->   Operation 143 'icmp' 'icmp_ln489_13' <Predicate = true> <Delay = 2.42> <CoreInst = "Cmp">   --->   Core 9 'Cmp' <Latency = 0> <II = 1> <Delay = 2.49> <FuncUnit> <Opcode : 'icmp'> <InPorts = 2> <OutPorts = 1>
ST_8 : Operation 144 [1/1] (2.07ns)   --->   "%sub_ln248_12 = sub i16 %p_Result_87, i16 %zext_ln489_12"   --->   Operation 144 'sub' 'sub_ln248_12' <Predicate = true> <Delay = 2.07> <CoreInst = "Adder">   --->   Core 1 'Adder' <Latency = 0> <II = 1> <Delay = 2.07> <FuncUnit> <Opcode : 'add' 'sub'> <InPorts = 2> <OutPorts = 1>
ST_8 : Operation 145 [1/1] (0.00ns)   --->   "%p_Result_88 = partset i35 @llvm.part.set.i35.i16, i35 %x_l_I_V_42, i16 %sub_ln248_12, i32 4, i32 19"   --->   Operation 145 'partset' 'p_Result_88' <Predicate = true> <Delay = 0.00>
ST_8 : Operation 146 [1/1] (0.00ns)   --->   "%p_Result_89 = bitset i16 @_ssdm_op_BitSet.i16.i16.i32.i1, i16 %res_I_V_43, i32 2, i1 1"   --->   Operation 146 'bitset' 'p_Result_89' <Predicate = true> <Delay = 0.00>
ST_8 : Operation 147 [1/1] (1.02ns)   --->   "%x_l_I_V_43 = select i1 %icmp_ln489_13, i35 %x_l_I_V_42, i35 %p_Result_88"   --->   Operation 147 'select' 'x_l_I_V_43' <Predicate = true> <Delay = 1.02> <CoreInst = "Sel">   --->   Core 73 'Sel' <Latency = 0> <II = 1> <Delay = 0.80> <FuncUnit> <Opcode : 'select'> <InPorts = 3> <OutPorts = 1>
ST_8 : Operation 148 [1/1] (0.80ns)   --->   "%res_I_V_44 = select i1 %icmp_ln489_13, i16 %res_I_V_43, i16 %p_Result_89"   --->   Operation 148 'select' 'res_I_V_44' <Predicate = true> <Delay = 0.80> <CoreInst = "Sel">   --->   Core 73 'Sel' <Latency = 0> <II = 1> <Delay = 0.80> <FuncUnit> <Opcode : 'select'> <InPorts = 3> <OutPorts = 1>
ST_8 : Operation 149 [1/1] (0.00ns)   --->   "%p_Result_40 = partselect i15 @_ssdm_op_PartSelect.i15.i16.i32.i32, i16 %res_I_V_44, i32 1, i32 15"   --->   Operation 149 'partselect' 'p_Result_40' <Predicate = true> <Delay = 0.00>
ST_8 : Operation 150 [1/1] (0.00ns)   --->   "%tmp_13 = bitconcatenate i16 @_ssdm_op_BitConcatenate.i16.i15.i1, i15 %p_Result_40, i1 1"   --->   Operation 150 'bitconcatenate' 'tmp_13' <Predicate = true> <Delay = 0.00>
ST_8 : Operation 151 [1/1] (0.00ns)   --->   "%p_Result_90 = partselect i17 @_ssdm_op_PartSelect.i17.i35.i32.i32, i35 %x_l_I_V_43, i32 2, i32 18"   --->   Operation 151 'partselect' 'p_Result_90' <Predicate = true> <Delay = 0.00>
ST_8 : Operation 152 [1/1] (0.00ns)   --->   "%zext_ln489_13 = zext i16 %tmp_13"   --->   Operation 152 'zext' 'zext_ln489_13' <Predicate = true> <Delay = 0.00>
ST_8 : Operation 153 [1/1] (2.43ns)   --->   "%icmp_ln489_14 = icmp_ult  i17 %p_Result_90, i17 %zext_ln489_13"   --->   Operation 153 'icmp' 'icmp_ln489_14' <Predicate = true> <Delay = 2.43> <CoreInst = "Cmp">   --->   Core 9 'Cmp' <Latency = 0> <II = 1> <Delay = 2.49> <FuncUnit> <Opcode : 'icmp'> <InPorts = 2> <OutPorts = 1>
ST_8 : Operation 154 [1/1] (2.10ns)   --->   "%sub_ln248_13 = sub i17 %p_Result_90, i17 %zext_ln489_13"   --->   Operation 154 'sub' 'sub_ln248_13' <Predicate = true> <Delay = 2.10> <CoreInst = "Adder">   --->   Core 1 'Adder' <Latency = 0> <II = 1> <Delay = 2.07> <FuncUnit> <Opcode : 'add' 'sub'> <InPorts = 2> <OutPorts = 1>
ST_8 : Operation 155 [1/1] (0.00ns)   --->   "%p_Result_91 = partset i35 @llvm.part.set.i35.i17, i35 %x_l_I_V_43, i17 %sub_ln248_13, i32 2, i32 18"   --->   Operation 155 'partset' 'p_Result_91' <Predicate = true> <Delay = 0.00>
ST_8 : Operation 156 [1/1] (0.00ns)   --->   "%p_Result_92 = bitset i16 @_ssdm_op_BitSet.i16.i16.i32.i1, i16 %res_I_V_44, i32 1, i1 1"   --->   Operation 156 'bitset' 'p_Result_92' <Predicate = true> <Delay = 0.00>
ST_8 : Operation 157 [1/1] (1.02ns)   --->   "%x_l_I_V_44 = select i1 %icmp_ln489_14, i35 %x_l_I_V_43, i35 %p_Result_91"   --->   Operation 157 'select' 'x_l_I_V_44' <Predicate = true> <Delay = 1.02> <CoreInst = "Sel">   --->   Core 73 'Sel' <Latency = 0> <II = 1> <Delay = 0.80> <FuncUnit> <Opcode : 'select'> <InPorts = 3> <OutPorts = 1>
ST_8 : Operation 158 [1/1] (0.80ns)   --->   "%res_I_V_45 = select i1 %icmp_ln489_14, i16 %res_I_V_44, i16 %p_Result_92"   --->   Operation 158 'select' 'res_I_V_45' <Predicate = true> <Delay = 0.80> <CoreInst = "Sel">   --->   Core 73 'Sel' <Latency = 0> <II = 1> <Delay = 0.80> <FuncUnit> <Opcode : 'select'> <InPorts = 3> <OutPorts = 1>
ST_8 : Operation 159 [1/1] (0.00ns)   --->   "%p_Result_93 = trunc i35 %x_l_I_V_44"   --->   Operation 159 'trunc' 'p_Result_93' <Predicate = true> <Delay = 0.00>

State 9 <SV = 8> <Delay = 6.54>
ST_9 : Operation 160 [1/1] (0.00ns)   --->   "%specpipeline_ln42 = specpipeline void @_ssdm_op_SpecPipeline, i32 4294967295, i32 0, i32 0, i32 0, void @empty_0" [E:/Xilinx/Vitis_HLS/2020.2/common/technology/autopilot/hls_sqrt_apfixed.h:42]   --->   Operation 160 'specpipeline' 'specpipeline_ln42' <Predicate = true> <Delay = 0.00>
ST_9 : Operation 161 [1/1] (0.00ns) (grouped into LUT with out node select_ln99)   --->   "%p_Result_s = bitselect i1 @_ssdm_op_BitSelect.i1.i32.i32, i32 %x_read, i32 31"   --->   Operation 161 'bitselect' 'p_Result_s' <Predicate = true> <Delay = 0.00>
ST_9 : Operation 162 [1/1] (0.00ns)   --->   "%tmp_14 = bitconcatenate i17 @_ssdm_op_BitConcatenate.i17.i16.i1, i16 %res_I_V_45, i1 1"   --->   Operation 162 'bitconcatenate' 'tmp_14' <Predicate = true> <Delay = 0.00>
ST_9 : Operation 163 [1/1] (0.00ns)   --->   "%zext_ln489_14 = zext i17 %tmp_14"   --->   Operation 163 'zext' 'zext_ln489_14' <Predicate = true> <Delay = 0.00>
ST_9 : Operation 164 [1/1] (2.43ns)   --->   "%icmp_ln489_15 = icmp_ult  i18 %p_Result_93, i18 %zext_ln489_14"   --->   Operation 164 'icmp' 'icmp_ln489_15' <Predicate = true> <Delay = 2.43> <CoreInst = "Cmp">   --->   Core 9 'Cmp' <Latency = 0> <II = 1> <Delay = 2.49> <FuncUnit> <Opcode : 'icmp'> <InPorts = 2> <OutPorts = 1>
ST_9 : Operation 165 [1/1] (2.13ns)   --->   "%sub_ln248_14 = sub i18 %p_Result_93, i18 %zext_ln489_14"   --->   Operation 165 'sub' 'sub_ln248_14' <Predicate = true> <Delay = 2.13> <CoreInst = "Adder">   --->   Core 1 'Adder' <Latency = 0> <II = 1> <Delay = 2.07> <FuncUnit> <Opcode : 'add' 'sub'> <InPorts = 2> <OutPorts = 1>
ST_9 : Operation 166 [1/1] (0.00ns) (grouped into LUT with out node p_Result_48)   --->   "%p_Result_94 = partset i35 @llvm.part.set.i35.i18, i35 %x_l_I_V_44, i18 %sub_ln248_14, i32 0, i32 17"   --->   Operation 166 'partset' 'p_Result_94' <Predicate = true> <Delay = 0.00>
ST_9 : Operation 167 [1/1] (0.00ns)   --->   "%p_Result_95 = bitset i16 @_ssdm_op_BitSet.i16.i16.i32.i1, i16 %res_I_V_45, i32 0, i1 1"   --->   Operation 167 'bitset' 'p_Result_95' <Predicate = true> <Delay = 0.00>
ST_9 : Operation 168 [1/1] (0.00ns) (grouped into LUT with out node p_Result_48)   --->   "%x_l_I_V_45 = select i1 %icmp_ln489_15, i35 %x_l_I_V_44, i35 %p_Result_94"   --->   Operation 168 'select' 'x_l_I_V_45' <Predicate = true> <Delay = 0.00> <CoreInst = "Sel">   --->   Core 73 'Sel' <Latency = 0> <II = 1> <Delay = 0.80> <FuncUnit> <Opcode : 'select'> <InPorts = 3> <OutPorts = 1>
ST_9 : Operation 169 [1/1] (0.80ns)   --->   "%res_I_V_46 = select i1 %icmp_ln489_15, i16 %res_I_V_45, i16 %p_Result_95"   --->   Operation 169 'select' 'res_I_V_46' <Predicate = true> <Delay = 0.80> <CoreInst = "Sel">   --->   Core 73 'Sel' <Latency = 0> <II = 1> <Delay = 0.80> <FuncUnit> <Opcode : 'select'> <InPorts = 3> <OutPorts = 1>
ST_9 : Operation 170 [1/1] (0.00ns) (grouped into LUT with out node p_Result_48)   --->   "%mul_I_V = bitconcatenate i33 @_ssdm_op_BitConcatenate.i33.i17.i16, i17 0, i16 %res_I_V_46"   --->   Operation 170 'bitconcatenate' 'mul_I_V' <Predicate = true> <Delay = 0.00>
ST_9 : Operation 171 [1/1] (0.00ns) (grouped into LUT with out node p_Result_48)   --->   "%zext_ln708 = zext i33 %mul_I_V"   --->   Operation 171 'zext' 'zext_ln708' <Predicate = true> <Delay = 0.00>
ST_9 : Operation 172 [1/1] (2.49ns) (out node of the LUT)   --->   "%p_Result_48 = icmp_ugt  i35 %x_l_I_V_45, i35 %zext_ln708"   --->   Operation 172 'icmp' 'p_Result_48' <Predicate = true> <Delay = 2.49> <CoreInst = "Cmp">   --->   Core 9 'Cmp' <Latency = 0> <II = 1> <Delay = 2.49> <FuncUnit> <Opcode : 'icmp'> <InPorts = 2> <OutPorts = 1>
ST_9 : Operation 173 [1/1] (2.07ns)   --->   "%res_I_V_30 = add i16 %res_I_V_46, i16 1"   --->   Operation 173 'add' 'res_I_V_30' <Predicate = true> <Delay = 2.07> <CoreInst = "Adder">   --->   Core 1 'Adder' <Latency = 0> <II = 1> <Delay = 2.07> <FuncUnit> <Opcode : 'add' 'sub'> <InPorts = 2> <OutPorts = 1>
ST_9 : Operation 174 [1/1] (0.00ns) (grouped into LUT with out node select_ln99)   --->   "%res_I_V_47 = select i1 %p_Result_48, i16 %res_I_V_30, i16 %res_I_V_46" [E:/Xilinx/Vitis_HLS/2020.2/common/technology/autopilot/hls_sqrt_apfixed.h:363]   --->   Operation 174 'select' 'res_I_V_47' <Predicate = true> <Delay = 0.00> <CoreInst = "Sel">   --->   Core 73 'Sel' <Latency = 0> <II = 1> <Delay = 0.80> <FuncUnit> <Opcode : 'select'> <InPorts = 3> <OutPorts = 1>
ST_9 : Operation 175 [1/1] (0.80ns) (out node of the LUT)   --->   "%select_ln99 = select i1 %p_Result_s, i16 0, i16 %res_I_V_47"   --->   Operation 175 'select' 'select_ln99' <Predicate = true> <Delay = 0.80> <CoreInst = "Sel">   --->   Core 73 'Sel' <Latency = 0> <II = 1> <Delay = 0.80> <FuncUnit> <Opcode : 'select'> <InPorts = 3> <OutPorts = 1>
ST_9 : Operation 176 [1/1] (0.00ns)   --->   "%ret_ln372 = ret i16 %select_ln99" [E:/Xilinx/Vitis_HLS/2020.2/common/technology/autopilot/hls_sqrt_apfixed.h:372]   --->   Operation 176 'ret' 'ret_ln372' <Predicate = true> <Delay = 0.00>


============================================================
+ Verbose Summary: Timing violations
============================================================
Target clock period: 8ns, clock uncertainty: 1ns.

 <State 1>: 1.56ns
The critical path consists of the following:
	wire read on port 'x' [2]  (0 ns)
	'add' operation ('add_ln248') [9]  (1.56 ns)

 <State 2>: 5.56ns
The critical path consists of the following:
	'select' operation ('x_l_I.V') [11]  (1.02 ns)
	'sub' operation ('sub_ln248') [18]  (1.74 ns)
	'select' operation ('x_l_I.V') [21]  (1.02 ns)
	'sub' operation ('sub_ln248_1') [28]  (1.78 ns)

 <State 3>: 5.74ns
The critical path consists of the following:
	'select' operation ('x_l_I.V') [31]  (1.02 ns)
	'sub' operation ('sub_ln248_2') [38]  (1.83 ns)
	'select' operation ('x_l_I.V') [41]  (1.02 ns)
	'sub' operation ('sub_ln248_3') [48]  (1.87 ns)

 <State 4>: 5.78ns
The critical path consists of the following:
	'select' operation ('x_l_I.V') [51]  (1.02 ns)
	'sub' operation ('sub_ln248_4') [58]  (1.92 ns)
	'select' operation ('x_l_I.V') [61]  (1.02 ns)
	'sub' operation ('sub_ln248_5') [68]  (1.82 ns)

 <State 5>: 6.72ns
The critical path consists of the following:
	'select' operation ('x_l_I.V') [71]  (1.02 ns)
	'icmp' operation ('icmp_ln489_7') [77]  (1.77 ns)
	'select' operation ('x_l_I.V') [81]  (1.02 ns)
	'icmp' operation ('icmp_ln489_8') [87]  (1.88 ns)
	'select' operation ('x_l_I.V') [91]  (1.02 ns)

 <State 6>: 6.94ns
The critical path consists of the following:
	'select' operation ('res_I.V') [92]  (0.805 ns)
	'icmp' operation ('icmp_ln489_9') [97]  (1.99 ns)
	'select' operation ('x_l_I.V') [101]  (1.02 ns)
	'icmp' operation ('icmp_ln489_10') [107]  (2.1 ns)
	'select' operation ('x_l_I.V') [111]  (1.02 ns)

 <State 7>: 6.57ns
The critical path consists of the following:
	'icmp' operation ('icmp_ln489_11') [117]  (2.21 ns)
	'select' operation ('x_l_I.V') [121]  (1.02 ns)
	'icmp' operation ('icmp_ln489_12') [127]  (2.32 ns)
	'select' operation ('x_l_I.V') [131]  (1.02 ns)

 <State 8>: 6.9ns
The critical path consists of the following:
	'icmp' operation ('icmp_ln489_13') [137]  (2.43 ns)
	'select' operation ('x_l_I.V') [141]  (1.02 ns)
	'icmp' operation ('icmp_ln489_14') [147]  (2.43 ns)
	'select' operation ('x_l_I.V') [151]  (1.02 ns)

 <State 9>: 6.54ns
The critical path consists of the following:
	'icmp' operation ('icmp_ln489_15') [156]  (2.43 ns)
	'select' operation ('res_I.V') [161]  (0.805 ns)
	'icmp' operation ('__Result__') [164]  (2.5 ns)
	'select' operation ('res_I.V', E:/Xilinx/Vitis_HLS/2020.2/common/technology/autopilot/hls_sqrt_apfixed.h:363) [166]  (0 ns)
	'select' operation ('this.V') [167]  (0.805 ns)


============================================================
+ Verbose Summary: Binding
============================================================
N/A
* FSMD analyzer results:
  - Output states:
 - Input state : 
  - Chain level:
	State 1
	State 2
	State 3
	State 4
	State 5
	State 6
	State 7
	State 8
	State 9


============================================================
+ Verbose Summary: Datapath Resource usage 
============================================================
N/A
